Using pre-set license
Built from '2020.3/staging' branch; Version is '2020.3.10f1 (297d780c91bc) revision 2719096'; Using compiler version '192528614'; Build Type 'Release'
OS: 'Windows 10 Enterprise; OS build 19042.1237; Version 2009; 64bit' Language: 'ru' Physical Memory: 16367 MB
BatchMode: 1, IsHumanControllingUs: 0, StartBugReporterOnCrash: 0, Is64bit: 1, IsPro: 0

 COMMAND LINE ARGUMENTS:
D:\unity_projects\2020.3.10f1\Editor\Unity.exe
-adb2
-batchMode
-noUpm
-name
AssetImportWorker0
-projectPath
C:/Users/Vlad/Documents/MageRPG
-logFile
Logs/AssetImportWorker0.log
-srvPort
63830
Successfully changed project path to: C:/Users/Vlad/Documents/MageRPG
C:/Users/Vlad/Documents/MageRPG
Using Asset Import Pipeline V2.
Refreshing native plugins compatible for Editor in 47.33 ms, found 2 plugins.
Preloading 0 native plugins for Editor in 0.00 ms.
Initialize engine version: 2020.3.10f1 (297d780c91bc)
[Subsystems] Discovering subsystems at path D:/unity_projects/2020.3.10f1/Editor/Data/Resources/UnitySubsystems
[Subsystems] Discovering subsystems at path C:/Users/Vlad/Documents/MageRPG/Assets
GfxDevice: creating device client; threaded=0
Direct3D:
    Version:  Direct3D 11.0 [level 11.1]
    Renderer: NVIDIA GeForce GTX 1060 6GB (ID=0x1c03)
    Vendor:   
    VRAM:     6052 MB
    Driver:   27.21.14.5671
Initialize mono
Mono path[0] = 'D:/unity_projects/2020.3.10f1/Editor/Data/Managed'
Mono path[1] = 'D:/unity_projects/2020.3.10f1/Editor/Data/MonoBleedingEdge/lib/mono/unityjit'
Mono config path = 'D:/unity_projects/2020.3.10f1/Editor/Data/MonoBleedingEdge/etc'
Using monoOptions --debugger-agent=transport=dt_socket,embedding=1,server=y,suspend=n,address=127.0.0.1:56400
Begin MonoManager ReloadAssembly
Registering precompiled unity dll's ...
Register platform support module: D:/unity_projects/2020.3.10f1/Editor/Data/PlaybackEngines/WindowsStandaloneSupport/UnityEditor.WindowsStandalone.Extensions.dll
Registered in 0.002035 seconds.
Native extension for WindowsStandalone target not found
Refreshing native plugins compatible for Editor in 45.80 ms, found 2 plugins.
Preloading 0 native plugins for Editor in 0.00 ms.
Mono: successfully reloaded assembly
- Completed reload, in  1.421 seconds
Platform modules already initialized, skipping
Registering precompiled user dll's ...
Registered in 0.007302 seconds.
Begin MonoManager ReloadAssembly
Native extension for WindowsStandalone target not found
Refreshing native plugins compatible for Editor in 0.47 ms, found 2 plugins.
Preloading 0 native plugins for Editor in 0.00 ms.
Mono: successfully reloaded assembly
- Completed reload, in  1.693 seconds
Platform modules already initialized, skipping
========================================================================
Worker process is ready to serve import requests
Launched and connected shader compiler UnityShaderCompiler.exe after 0.08 seconds
Refreshing native plugins compatible for Editor in 0.52 ms, found 2 plugins.
Preloading 0 native plugins for Editor in 0.00 ms.
Unloading 1386 Unused Serialized files (Serialized files now loaded: 0)
System memory in use before: 64.5 MB.
System memory in use after: 64.6 MB.

Unloading 18 unused Assets to reduce memory usage. Loaded Objects now: 1820.
Total: 2.755000 ms (FindLiveObjects: 0.303900 ms CreateObjectMapping: 0.088900 ms MarkObjects: 2.272100 ms  DeleteObjects: 0.087800 ms)

========================================================================
Received Import Request.
  path: Assets/Scripts
  artifactKey: Guid(2b8f8586379331e48b8bbfb57ad05503) Importer(815301076,1909f56bfc062723c751e8b465ee728b)
Start importing Assets/Scripts using Guid(2b8f8586379331e48b8bbfb57ad05503) Importer(815301076,1909f56bfc062723c751e8b465ee728b)  -> (artifact id: 'd849f19b22c96f59f37dbbeaccd97725') in 0.015185 seconds
  Import took 0.019172 seconds .

========================================================================
Received Import Request.
  Time since last request: 86.752166 seconds.
  path: Assets/Scripts/CircleSystem.cs
  artifactKey: Guid(1d82ce9349bbe764e9999288fde0ea75) Importer(815301076,1909f56bfc062723c751e8b465ee728b)
Start importing Assets/Scripts/CircleSystem.cs using Guid(1d82ce9349bbe764e9999288fde0ea75) Importer(815301076,1909f56bfc062723c751e8b465ee728b)  -> (artifact id: '7c0d82cc3b1a74abfe9d1c33731e2a52') in 0.094811 seconds
  Import took 0.098405 seconds .

========================================================================
Received Prepare
Registering precompiled user dll's ...
Registered in 0.007365 seconds.
Begin MonoManager ReloadAssembly
Native extension for WindowsStandalone target not found
Refreshing native plugins compatible for Editor in 0.53 ms, found 2 plugins.
Preloading 0 native plugins for Editor in 0.00 ms.
Mono: successfully reloaded assembly
- Completed reload, in  1.489 seconds
Platform modules already initialized, skipping
Refreshing native plugins compatible for Editor in 0.91 ms, found 2 plugins.
Preloading 0 native plugins for Editor in 0.00 ms.
Unloading 1381 Unused Serialized files (Serialized files now loaded: 0)
System memory in use before: 64.3 MB.
System memory in use after: 64.4 MB.

Unloading 13 unused Assets to reduce memory usage. Loaded Objects now: 1824.
Total: 2.423800 ms (FindLiveObjects: 0.279000 ms CreateObjectMapping: 0.082400 ms MarkObjects: 2.035000 ms  DeleteObjects: 0.025500 ms)

========================================================================
Received Prepare
Registering precompiled user dll's ...
Registered in 0.006889 seconds.
Begin MonoManager ReloadAssembly
Native extension for WindowsStandalone target not found
Refreshing native plugins compatible for Editor in 0.49 ms, found 2 plugins.
Preloading 0 native plugins for Editor in 0.00 ms.
Mono: successfully reloaded assembly
- Completed reload, in  1.655 seconds
Platform modules already initialized, skipping
Refreshing native plugins compatible for Editor in 0.49 ms, found 2 plugins.
Preloading 0 native plugins for Editor in 0.00 ms.
Unloading 1381 Unused Serialized files (Serialized files now loaded: 0)
System memory in use before: 64.4 MB.
System memory in use after: 64.5 MB.

Unloading 13 unused Assets to reduce memory usage. Loaded Objects now: 1827.
Total: 3.038000 ms (FindLiveObjects: 0.409700 ms CreateObjectMapping: 0.211500 ms MarkObjects: 2.380400 ms  DeleteObjects: 0.034600 ms)

========================================================================
Received Import Request.
  Time since last request: 237.554348 seconds.
  path: Assets/Prefabs/circleWithADot.png
  artifactKey: Guid(6c175fb0a42f4d14eaf2fa8decf3d0f3) Importer(815301076,1909f56bfc062723c751e8b465ee728b)
Start importing Assets/Prefabs/circleWithADot.png using Guid(6c175fb0a42f4d14eaf2fa8decf3d0f3) Importer(815301076,1909f56bfc062723c751e8b465ee728b)  -> (artifact id: 'de171a53df7969d1f290b05c579ac023') in 0.125383 seconds
  Import took 0.129831 seconds .

========================================================================
Received Import Request.
  Time since last request: 0.004872 seconds.
  path: Assets/Prefabs/circleWithADot.png
  artifactKey: Guid(6c175fb0a42f4d14eaf2fa8decf3d0f3) Importer(815301076,1909f56bfc062723c751e8b465ee728b)
Start importing Assets/Prefabs/circleWithADot.png using Guid(6c175fb0a42f4d14eaf2fa8decf3d0f3) Importer(815301076,1909f56bfc062723c751e8b465ee728b)  -> (artifact id: 'de171a53df7969d1f290b05c579ac023') in 0.162378 seconds
  Import took 0.166629 seconds .

========================================================================
Received Import Request.
  Time since last request: 16.678874 seconds.
  path: Assets/Prefabs/circleWithADot.png
  artifactKey: Guid(6c175fb0a42f4d14eaf2fa8decf3d0f3) Importer(815301076,1909f56bfc062723c751e8b465ee728b)
Start importing Assets/Prefabs/circleWithADot.png using Guid(6c175fb0a42f4d14eaf2fa8decf3d0f3) Importer(815301076,1909f56bfc062723c751e8b465ee728b)  -> (artifact id: '2aafb976fa4030975923cbf88ee11e8d') in 0.152248 seconds
  Import took 0.160634 seconds .

========================================================================
Received Prepare
Registering precompiled user dll's ...
Registered in 0.007843 seconds.
Begin MonoManager ReloadAssembly
Native extension for WindowsStandalone target not found
Refreshing native plugins compatible for Editor in 0.64 ms, found 2 plugins.
Preloading 0 native plugins for Editor in 0.00 ms.
Mono: successfully reloaded assembly
- Completed reload, in  1.552 seconds
Platform modules already initialized, skipping
Refreshing native plugins compatible for Editor in 0.54 ms, found 2 plugins.
Preloading 0 native plugins for Editor in 0.00 ms.
Unloading 1381 Unused Serialized files (Serialized files now loaded: 0)
System memory in use before: 67.5 MB.
System memory in use after: 67.6 MB.

Unloading 13 unused Assets to reduce memory usage. Loaded Objects now: 1837.
Total: 2.518700 ms (FindLiveObjects: 0.281200 ms CreateObjectMapping: 0.090600 ms MarkObjects: 2.124100 ms  DeleteObjects: 0.021500 ms)

AssetImportWorkerClient::OnTransportError - code=2 error=End of file
