Using pre-set license
Built from '2020.3/staging' branch; Version is '2020.3.10f1 (297d780c91bc) revision 2719096'; Using compiler version '192528614'; Build Type 'Release'
OS: 'Windows 10 Pro; OS build 19042.1237; Version 2009; 64bit' Language: 'ru' Physical Memory: 16303 MB
BatchMode: 1, IsHumanControllingUs: 0, StartBugReporterOnCrash: 0, Is64bit: 1, IsPro: 0

 COMMAND LINE ARGUMENTS:
C:\Program Files\Unity\Hub\Editor\2020.3.10f1\Editor\Unity.exe
-adb2
-batchMode
-noUpm
-name
AssetImportWorker0
-projectPath
D:/Projects/MageRPG
-logFile
Logs/AssetImportWorker0.log
-srvPort
59316
Successfully changed project path to: D:/Projects/MageRPG
D:/Projects/MageRPG
Using Asset Import Pipeline V2.
Refreshing native plugins compatible for Editor in 38.23 ms, found 2 plugins.
Preloading 0 native plugins for Editor in 0.00 ms.
Initialize engine version: 2020.3.10f1 (297d780c91bc)
[Subsystems] Discovering subsystems at path C:/Program Files/Unity/Hub/Editor/2020.3.10f1/Editor/Data/Resources/UnitySubsystems
[Subsystems] Discovering subsystems at path D:/Projects/MageRPG/Assets
GfxDevice: creating device client; threaded=0
Direct3D:
    Version:  Direct3D 11.0 [level 11.0]
    Renderer: NVIDIA Quadro K600 (ID=0xffa)
    Vendor:   
    VRAM:     973 MB
    Driver:   10.18.13.5330
Initialize mono
Mono path[0] = 'C:/Program Files/Unity/Hub/Editor/2020.3.10f1/Editor/Data/Managed'
Mono path[1] = 'C:/Program Files/Unity/Hub/Editor/2020.3.10f1/Editor/Data/MonoBleedingEdge/lib/mono/unityjit'
Mono config path = 'C:/Program Files/Unity/Hub/Editor/2020.3.10f1/Editor/Data/MonoBleedingEdge/etc'
Using monoOptions --debugger-agent=transport=dt_socket,embedding=1,server=y,suspend=n,address=127.0.0.1:56352
Begin MonoManager ReloadAssembly
Registering precompiled unity dll's ...
Register platform support module: C:/Program Files/Unity/Hub/Editor/2020.3.10f1/Editor/Data/PlaybackEngines/WindowsStandaloneSupport/UnityEditor.WindowsStandalone.Extensions.dll
Registered in 0.002170 seconds.
Native extension for WindowsStandalone target not found
Refreshing native plugins compatible for Editor in 28.96 ms, found 2 plugins.
Preloading 0 native plugins for Editor in 0.00 ms.
Mono: successfully reloaded assembly
- Completed reload, in  1.307 seconds
Platform modules already initialized, skipping
Registering precompiled user dll's ...
Registered in 0.002694 seconds.
Begin MonoManager ReloadAssembly
Native extension for WindowsStandalone target not found
Refreshing native plugins compatible for Editor in 0.42 ms, found 2 plugins.
Preloading 0 native plugins for Editor in 0.00 ms.
Mono: successfully reloaded assembly
- Completed reload, in  1.171 seconds
Platform modules already initialized, skipping
========================================================================
Worker process is ready to serve import requests
Launched and connected shader compiler UnityShaderCompiler.exe after 0.05 seconds
Refreshing native plugins compatible for Editor in 0.37 ms, found 2 plugins.
Preloading 0 native plugins for Editor in 0.00 ms.
Unloading 1386 Unused Serialized files (Serialized files now loaded: 0)
System memory in use before: 76.7 MB.
System memory in use after: 76.8 MB.

Unloading 19 unused Assets to reduce memory usage. Loaded Objects now: 1833.
Total: 2.766100 ms (FindLiveObjects: 0.147100 ms CreateObjectMapping: 0.050400 ms MarkObjects: 2.437700 ms  DeleteObjects: 0.129900 ms)

========================================================================
Received Import Request.
  path: Assets/New Terrain.asset
  artifactKey: Guid(cecbf6618df11874dbae29c8528914b4) Importer(815301076,1909f56bfc062723c751e8b465ee728b)
Start importing Assets/New Terrain.asset using Guid(cecbf6618df11874dbae29c8528914b4) Importer(815301076,1909f56bfc062723c751e8b465ee728b)  -> (artifact id: 'd0f79e1cbdb78c829415fe6787ae67b4') in 0.051293 seconds
  Import took 0.065580 seconds .

========================================================================
Received Import Request.
  Time since last request: 1012.102213 seconds.
  path: Assets/Materials
  artifactKey: Guid(7acb905a9d504294d992486aad1cdcb7) Importer(815301076,1909f56bfc062723c751e8b465ee728b)
Start importing Assets/Materials using Guid(7acb905a9d504294d992486aad1cdcb7) Importer(815301076,1909f56bfc062723c751e8b465ee728b)  -> (artifact id: '4b14ec43b3a46f3ca4b4b91cba9520ab') in 0.012460 seconds
  Import took 0.016699 seconds .

========================================================================
Received Import Request.
  Time since last request: 12.970577 seconds.
  path: Assets/Materials/TestMaterial.mat
  artifactKey: Guid(ee539390ca975a24db2b6faad6463d9a) Importer(815301076,1909f56bfc062723c751e8b465ee728b)
Start importing Assets/Materials/TestMaterial.mat using Guid(ee539390ca975a24db2b6faad6463d9a) Importer(815301076,1909f56bfc062723c751e8b465ee728b)  -> (artifact id: '0bd31c393956275125cbb8af84f2ee10') in 0.108858 seconds
  Import took 0.119209 seconds .

========================================================================
Received Prepare
Registering precompiled user dll's ...
Registered in 0.002533 seconds.
Begin MonoManager ReloadAssembly
Native extension for WindowsStandalone target not found
Refreshing native plugins compatible for Editor in 0.37 ms, found 2 plugins.
Preloading 0 native plugins for Editor in 0.00 ms.
Mono: successfully reloaded assembly
- Completed reload, in  1.076 seconds
Platform modules already initialized, skipping
Refreshing native plugins compatible for Editor in 0.37 ms, found 2 plugins.
Preloading 0 native plugins for Editor in 0.00 ms.
Unloading 1381 Unused Serialized files (Serialized files now loaded: 0)
System memory in use before: 80.0 MB.
System memory in use after: 80.1 MB.

Unloading 14 unused Assets to reduce memory usage. Loaded Objects now: 1876.
Total: 2.671000 ms (FindLiveObjects: 0.168000 ms CreateObjectMapping: 0.069700 ms MarkObjects: 2.356500 ms  DeleteObjects: 0.075600 ms)

========================================================================
Received Import Request.
  Time since last request: 372.080422 seconds.
  path: Assets/Materials/TestMaterial.mat
  artifactKey: Guid(ee539390ca975a24db2b6faad6463d9a) Importer(815301076,1909f56bfc062723c751e8b465ee728b)
Start importing Assets/Materials/TestMaterial.mat using Guid(ee539390ca975a24db2b6faad6463d9a) Importer(815301076,1909f56bfc062723c751e8b465ee728b)  -> (artifact id: '0a4765291421f86a11c3d3a51af37900') in 0.083300 seconds
  Import took 0.086043 seconds .

========================================================================
Received Prepare
Registering precompiled user dll's ...
Registered in 0.002925 seconds.
Begin MonoManager ReloadAssembly
Native extension for WindowsStandalone target not found
Refreshing native plugins compatible for Editor in 0.39 ms, found 2 plugins.
Preloading 0 native plugins for Editor in 0.00 ms.
Mono: successfully reloaded assembly
- Completed reload, in  1.057 seconds
Platform modules already initialized, skipping
Refreshing native plugins compatible for Editor in 0.38 ms, found 2 plugins.
Preloading 0 native plugins for Editor in 0.00 ms.
Unloading 1381 Unused Serialized files (Serialized files now loaded: 0)
System memory in use before: 80.1 MB.
System memory in use after: 80.2 MB.

Unloading 14 unused Assets to reduce memory usage. Loaded Objects now: 1880.
Total: 2.701300 ms (FindLiveObjects: 0.193200 ms CreateObjectMapping: 0.096100 ms MarkObjects: 2.342800 ms  DeleteObjects: 0.068200 ms)

========================================================================
Received Import Request.
  Time since last request: 121.881551 seconds.
  path: Assets/Materials/TestMaterial.mat
  artifactKey: Guid(ee539390ca975a24db2b6faad6463d9a) Importer(815301076,1909f56bfc062723c751e8b465ee728b)
Start importing Assets/Materials/TestMaterial.mat using Guid(ee539390ca975a24db2b6faad6463d9a) Importer(815301076,1909f56bfc062723c751e8b465ee728b)  -> (artifact id: '3e4be6cff15445e84d48cd7562e74892') in 0.062832 seconds
  Import took 0.065798 seconds .

AssetImportWorkerClient::OnTransportError - code=2 error=End of file
